prog(no_decs(),si_intrs(mas_intrs(una_intr(i_eval(porcentaje(indireccion(iden(u[3,3])),lit_real(2.0[3,8])))),i_call(p[4,6],si_preals(mas_preals(un_preal(suma(indireccion(iden(u[4,8])),lit_real(5.0[4,13]))[-1,-1]),indireccion(iden(u[4,18]))[-1,-1]))))))
IMPRESION RECURSIVA
{
@
u$f:3,c:3$
^$f:3,c:4$
%$f:3,c:6$
2.0$f:3,c:8$
;
<call>
p$f:4,c:6$
(
u$f:4,c:8$
^$f:4,c:9$
+$f:4,c:11$
5.0$f:4,c:13$
,
u$f:4,c:18$
^$f:4,c:19$
)
}
IMPRESION INTERPRETE
{
@
u$f:3,c:3$
^$f:3,c:4$
%$f:3,c:6$
2.0$f:3,c:8$
;
<call>
p$f:4,c:6$
(
u$f:4,c:8$
^$f:4,c:9$
+$f:4,c:11$
5.0$f:4,c:13$
,
u$f:4,c:18$
^$f:4,c:19$
)
}
IMPRESION VISITANTE
{
@
u$f:3,c:3$
^$f:3,c:4$
%$f:3,c:6$
2.0$f:3,c:8$
;
<call>
p$f:4,c:6$
(
u$f:4,c:8$
^$f:4,c:9$
+$f:4,c:11$
5.0$f:4,c:13$
,
u$f:4,c:18$
^$f:4,c:19$
)
}
