prog(si_decs(mas_decs(mas_decs(mas_decs(mas_decs(mas_decs(mas_decs(mas_decs(mas_decs(mas_decs(una_dec(dec_var(t_real(),x[3,6])),dec_var(t_puntero(t_int()),u[4,6])),dec_var(t_puntero(t_bool()),v[5,7])),dec_var(t_array(t_int(),20[6,5]),a[6,9])),dec_tipo(t_struct(mas_cmp_s(un_cmp_s(campo_s(t_array(t_puntero(t_int()),30[8,8]),ps[8,12])),campo_s(t_int(),c[9,7]))),tr[10,3])),dec_tipo(tipo(tr[11,6]),tr2[11,9])),dec_tipo(tipo(tr[12,6]),tr3[12,9])),dec_var(tipo(tr3[13,1]),r[13,5])),dec_proc(p[14,6],si_pforms(mas_pforms(una_pform(pform(t_int(),no_ref(),x[14,12])),pform(t_int(),si_ref(),y[14,21])))prog(no_decs(),si_intrs(una_intr(i_eval(asig(iden(x[15,4]),suma(indireccion(iden(u[15,8])),iden(y[15,13]))))))))),dec_proc(p2[17,6],si_pforms(mas_pforms(una_pform(pform(t_real(),no_ref(),x[17,14])),pform(t_real(),si_ref(),y[17,23])))prog(no_decs(),no_intrs())))),si_intrs(mas_intrs(mas_intrs(mas_intrs(mas_intrs(mas_intrs(mas_intrs(mas_intrs(mas_intrs(mas_intrs(mas_intrs(mas_intrs(mas_intrs(mas_intrs(mas_intrs(mas_intrs(mas_intrs(mas_intrs(mas_intrs(mas_intrs(mas_intrs(mas_intrs(mas_intrs(mas_intrs(mas_intrs(mas_intrs(mas_intrs(mas_intrs(mas_intrs(mas_intrs(mas_intrs(mas_intrs(mas_intrs(mas_intrs(mas_intrs(mas_intrs(mas_intrs(mas_intrs(mas_intrs(mas_intrs(mas_intrs(mas_intrs(mas_intrs(mas_intrs(mas_intrs(mas_intrs(mas_intrs(mas_intrs(mas_intrs(mas_intrs(mas_intrs(mas_intrs(mas_intrs(mas_intrs(mas_intrs(una_intr(i_eval(asig(iden(x[20,3]),lit_ent(5[20,7])))),i_eval(asig(iden(x[21,3]),lit_real(5.0[21,7])))),i_eval(menor(lit_ent(5[22,3]),lit_ent(6[22,7])))),i_eval(mayor(lit_real(5.0[23,3]),lit_ent(6[23,9])))),i_eval(menorIgual(lit_ent(5[24,3]),lit_real(5.0[24,8])))),i_eval(mayorIgual(lit_real(5.0[25,3]),lit_real(6.7[25,10])))),i_eval(menor(iden("hola"[26,3]),iden("adios"[26,12])))),i_eval(comp(false([27,3]),true([27,12])))),i_eval(comp(iden(u[28,3]),null([28,8])))),i_eval(dist(iden(u[29,3]),iden(v[29,8])))),i_eval(suma(lit_ent(5[30,3]),lit_ent(5[30,7])))),i_eval(resta(lit_ent(5[31,3]),lit_real(5.0[31,7])))),i_eval(mul(lit_real(5.0[32,3]),lit_ent(5[32,9])))),i_eval(div(lit_real(5.0[33,3]),lit_real(5.0[33,9])))),i_eval(porcentaje(indireccion(iden(u[34,3])),lit_ent(2[34,8])))),i_eval(negativo(negativo(lit_ent(5[35,7]))))),i_eval(negativo(negativo(lit_real(5.0[36,7]))))),i_eval(negado(and(or(menor(iden(x[37,10]),lit_ent(5[37,14])),dist(iden(u[37,21]),null([37,26]))),true([37,37]))))),i_eval(suma(indireccion(index(acceso(iden(r[38,3]),ps[38,5]),index(iden(a[38,8]),lit_ent(6[38,10])))),iden(x[38,17])))),i_call(p[39,6],si_preals(mas_preals(un_preal(suma(indireccion(iden(u[39,8])),lit_ent(5[39,13]))[-1,-1]),indireccion(iden(u[39,16]))[-1,-1])))),i_call(p2[40,6],si_preals(mas_preals(un_preal(indireccion(iden(u[40,9]))[-1,-1]),iden(x[40,12])[-1,-1])))),i_new(index(acceso(iden(r[41,5]),ps[41,7]),lit_ent(25[41,10])))),i_delete(iden(u[42,8]))),i_read(indireccion(index(acceso(iden(r[43,6]),ps[43,8]),lit_ent(25[43,11]))))),i_write(suma(indireccion(index(acceso(iden(r[44,7]),ps[44,9]),lit_ent(25[44,12]))),lit_ent(50[44,19])))),i_write(lit_real(57.9[45,7]))),i_write(iden("hola"[46,7]))),i_if(comp(iden(x[47,4]),lit_ent(56[47,9])),prog(no_decs(),si_intrs(una_intr(i_if(menor(iden(x[48,6]),lit_ent(7[48,10])),prog(no_decs(),no_intrs()),si_else(prog(no_decs(),si_intrs(una_intr(i_while(menor(iden(x[51,10]),lit_ent(7[51,14])),prog(no_decs(),si_intrs(una_intr(i_eval(asig(iden(x[52,7]),resta(iden(x[52,11]),lit_ent(1[52,15])))))))))))))))),no_else())),i_eval(asig(iden(x[57,3]),comp(iden(x[57,7]),lit_ent(5[57,12]))))),i_eval(menor(lit_ent(5[58,3]),true([58,7])))),i_eval(comp(lit_real(5.0[59,3]),true([59,10])))),i_eval(comp(dist(iden("hola"[60,3]),iden("hola"[60,13])),iden("adios"[60,23])))),i_eval(comp(iden(u[61,3]),indireccion(iden(u[61,8]))))),i_eval(suma(lit_ent(5[62,3]),iden("hola"[62,7])))),i_eval(porcentaje(indireccion(iden(u[63,3])),lit_real(2.0[63,8])))),i_eval(negativo(negativo(iden("hola"[64,7]))))),i_eval(negado(null([65,7])))),i_eval(acceso(iden(r[66,3]),x[66,5]))),i_eval(index(iden(r[67,3]),lit_ent(5[67,5])))),i_eval(index(iden(a[68,3]),true([68,5])))),i_eval(acceso(iden(a[69,3]),x[69,5]))),i_call(p[70,6],si_preals(mas_preals(un_preal(suma(indireccion(iden(u[70,8])),lit_real(5.0[70,13]))[-1,-1]),indireccion(iden(u[70,18]))[-1,-1])))),i_call(p[71,6],si_preals(mas_preals(un_preal(suma(indireccion(iden(u[71,8])),lit_ent(5[71,13]))[-1,-1]),iden(x[71,16])[-1,-1])))),i_call(p2[72,6],si_preals(mas_preals(un_preal(iden(x[72,9])[-1,-1]),indireccion(iden(u[72,11]))[-1,-1])))),i_call(p2[73,6],si_preals(mas_preals(un_preal(iden(x[73,9])[-1,-1]),lit_real(5.0[73,11])[-1,-1])))),i_eval(suma(iden(x[74,3]),iden(p[74,7])))),i_eval(suma(iden(x[75,3]),iden(tr2[75,7])))),i_eval(asig(indireccion(iden(u[76,3])),iden(x[76,8])))),i_new(indireccion(index(acceso(iden(r[77,5]),ps[77,7]),lit_ent(25[77,10]))))),i_delete(indireccion(iden(u[78,8])))),i_read(suma(indireccion(index(acceso(iden(r[79,6]),ps[79,8]),lit_ent(25[79,11]))),lit_ent(8[79,18])))),i_eval(asig(lit_real(56.0[80,3]),indireccion(iden(u[80,10]))))),i_read(iden(u[81,6]))),i_write(iden(u[82,7]))),i_if(iden(x[83,4]),prog(no_decs(),si_intrs(una_intr(i_if(indireccion(iden(u[84,6])),prog(no_decs(),no_intrs()),si_else(prog(no_decs(),si_intrs(una_intr(i_while(iden(x[87,10]),prog(no_decs(),si_intrs(una_intr(i_eval(asig(iden(x[88,7]),resta(iden(x[88,11]),lit_ent(1[88,15])))))))))))))))),no_else()))))
IMPRESION RECURSIVA
{
<real>
x$f:3,c:6$
;
^
<int>
u$f:4,c:6$
;
^
<bool>
v$f:5,c:7$
;
<int>
[
20
]$f:6,c:5$
a$f:6,c:9$
;
<type>
<struct>
{
^
<int>
[
30
]$f:8,c:8$
ps$f:8,c:12$
,
<int>
c$f:9,c:7$
}
tr$f:10,c:3$
;
<type>
tr$f:11,c:6$
tr2$f:11,c:9$
;
<type>
tr$f:12,c:6$
tr3$f:12,c:9$
;
tr3$f:13,c:1$
r$f:13,c:5$
;
<proc>
p$f:14,c:6$
(
<int>
x$f:14,c:12$
,
<int>
&
y$f:14,c:21$
)
{
@
x$f:15,c:4$
=$f:15,c:6$
u$f:15,c:8$
^$f:15,c:9$
+$f:15,c:11$
y$f:15,c:13$
}
;
<proc>
p2$f:17,c:6$
(
<real>
x$f:17,c:14$
,
<real>
&
y$f:17,c:23$
)
{
}
&&
@
x$f:20,c:3$
=$f:20,c:5$
5$f:20,c:7$
;
@
x$f:21,c:3$
=$f:21,c:5$
5.0$f:21,c:7$
;
@
5$f:22,c:3$
<$f:22,c:5$
6$f:22,c:7$
;
@
5.0$f:23,c:3$
>$f:23,c:7$
6$f:23,c:9$
;
@
5$f:24,c:3$
<=$f:24,c:5$
5.0$f:24,c:8$
;
@
5.0$f:25,c:3$
>=$f:25,c:7$
6.7$f:25,c:10$
;
@
"hola"$f:26,c:3$
<$f:26,c:10$
"adios"$f:26,c:12$
;
@
<false>$f:27,c:3$
==$f:27,c:9$
<true>$f:27,c:12$
;
@
u$f:28,c:3$
==$f:28,c:5$
<null>$f:28,c:8$
;
@
u$f:29,c:3$
!=$f:29,c:5$
v$f:29,c:8$
;
@
5$f:30,c:3$
+$f:30,c:5$
5$f:30,c:7$
;
@
5$f:31,c:3$
-$f:31,c:5$
5.0$f:31,c:7$
;
@
5.0$f:32,c:3$
*$f:32,c:7$
5$f:32,c:9$
;
@
5.0$f:33,c:3$
/$f:33,c:7$
5.0$f:33,c:9$
;
@
u$f:34,c:3$
^$f:34,c:4$
%$f:34,c:6$
2$f:34,c:8$
;
@
-$f:35,c:3$
-$f:35,c:5$
5$f:35,c:7$
;
@
-$f:36,c:3$
-$f:36,c:5$
5.0$f:36,c:7$
;
@
<not>$f:37,c:3$
(((x$f:37,c:10$
<$f:37,c:12$
5$f:37,c:14$
)<or>$f:37,c:17$
(u$f:37,c:21$
!=$f:37,c:23$
<null>$f:37,c:26$
))<and>$f:37,c:33$
<true>$f:37,c:37$
);
@
r$f:38,c:3$
.
ps$f:38,c:5$
[$f:38,c:7$
a$f:38,c:8$
[$f:38,c:9$
6$f:38,c:10$
]
]
^$f:38,c:13$
+$f:38,c:15$
x$f:38,c:17$
;
<call>
p$f:39,c:6$
(
u$f:39,c:8$
^$f:39,c:9$
+$f:39,c:11$
5$f:39,c:13$
,
u$f:39,c:16$
^$f:39,c:17$
)
;
<call>
p2$f:40,c:6$
(
u$f:40,c:9$
^$f:40,c:10$
,
x$f:40,c:12$
)
;
<new>
r$f:41,c:5$
.
ps$f:41,c:7$
[$f:41,c:9$
25$f:41,c:10$
]
;
<delete>
u$f:42,c:8$
;
<read>
r$f:43,c:6$
.
ps$f:43,c:8$
[$f:43,c:10$
25$f:43,c:11$
]
^$f:43,c:14$
;
<write>
r$f:44,c:7$
.
ps$f:44,c:9$
[$f:44,c:11$
25$f:44,c:12$
]
^$f:44,c:15$
+$f:44,c:17$
50$f:44,c:19$
;
<write>
57.9$f:45,c:7$
;
<write>
"hola"$f:46,c:7$
;
<if>
x$f:47,c:4$
==$f:47,c:6$
56$f:47,c:9$
{
<if>
x$f:48,c:6$
<$f:48,c:8$
7$f:48,c:10$
{
}
<else>
{
<while>
x$f:51,c:10$
<$f:51,c:12$
7$f:51,c:14$
{
@
x$f:52,c:7$
=$f:52,c:9$
x$f:52,c:11$
-$f:52,c:13$
1$f:52,c:15$
}
}
}
;
@
x$f:57,c:3$
=$f:57,c:5$
x$f:57,c:7$
==$f:57,c:9$
5$f:57,c:12$
;
@
5$f:58,c:3$
<$f:58,c:5$
<true>$f:58,c:7$
;
@
5.0$f:59,c:3$
==$f:59,c:7$
<true>$f:59,c:10$
;
@
"hola"$f:60,c:3$
!=$f:60,c:10$
"hola"$f:60,c:13$
==$f:60,c:20$
"adios"$f:60,c:23$
;
@
u$f:61,c:3$
==$f:61,c:5$
u$f:61,c:8$
^$f:61,c:9$
;
@
5$f:62,c:3$
+$f:62,c:5$
"hola"$f:62,c:7$
;
@
u$f:63,c:3$
^$f:63,c:4$
%$f:63,c:6$
2.0$f:63,c:8$
;
@
-$f:64,c:3$
-$f:64,c:5$
"hola"$f:64,c:7$
;
@
<not>$f:65,c:3$
<null>$f:65,c:7$
;
@
r$f:66,c:3$
.
x$f:66,c:5$
;
@
r$f:67,c:3$
[$f:67,c:4$
5$f:67,c:5$
]
;
@
a$f:68,c:3$
[$f:68,c:4$
<true>$f:68,c:5$
]
;
@
a$f:69,c:3$
.
x$f:69,c:5$
;
<call>
p$f:70,c:6$
(
u$f:70,c:8$
^$f:70,c:9$
+$f:70,c:11$
5.0$f:70,c:13$
,
u$f:70,c:18$
^$f:70,c:19$
)
;
<call>
p$f:71,c:6$
(
u$f:71,c:8$
^$f:71,c:9$
+$f:71,c:11$
5$f:71,c:13$
,
x$f:71,c:16$
)
;
<call>
p2$f:72,c:6$
(
x$f:72,c:9$
,
u$f:72,c:11$
^$f:72,c:12$
)
;
<call>
p2$f:73,c:6$
(
x$f:73,c:9$
,
5.0$f:73,c:11$
)
;
@
x$f:74,c:3$
+$f:74,c:5$
p$f:74,c:7$
;
@
x$f:75,c:3$
+$f:75,c:5$
tr2$f:75,c:7$
;
@
u$f:76,c:3$
^$f:76,c:4$
=$f:76,c:6$
x$f:76,c:8$
;
<new>
r$f:77,c:5$
.
ps$f:77,c:7$
[$f:77,c:9$
25$f:77,c:10$
]
^$f:77,c:13$
;
<delete>
u$f:78,c:8$
^$f:78,c:9$
;
<read>
r$f:79,c:6$
.
ps$f:79,c:8$
[$f:79,c:10$
25$f:79,c:11$
]
^$f:79,c:14$
+$f:79,c:16$
8$f:79,c:18$
;
@
56.0$f:80,c:3$
=$f:80,c:8$
u$f:80,c:10$
^$f:80,c:11$
;
<read>
u$f:81,c:6$
;
<write>
u$f:82,c:7$
;
<if>
x$f:83,c:4$
{
<if>
u$f:84,c:6$
^$f:84,c:7$
{
}
<else>
{
<while>
x$f:87,c:10$
{
@
x$f:88,c:7$
=$f:88,c:9$
x$f:88,c:11$
-$f:88,c:13$
1$f:88,c:15$
}
}
}
}
IMPRESION INTERPRETE
{
<real>
x$f:3,c:6$
;
^
<int>
u$f:4,c:6$
;
^
<bool>
v$f:5,c:7$
;
<int>
[
20
]$f:6,c:5$
a$f:6,c:9$
;
<type>
<struct>
{
^
<int>
[
30
]$f:8,c:8$
ps$f:8,c:12$
,
<int>
c$f:9,c:7$
}
tr$f:10,c:3$
;
<type>
tr$f:11,c:6$
tr2$f:11,c:9$
;
<type>
tr$f:12,c:6$
tr3$f:12,c:9$
;
tr3$f:13,c:1$
r$f:13,c:5$
;
<proc>
p$f:14,c:6$
(
<int>
x$f:14,c:12$
,
<int>
&
y$f:14,c:21$
)
{
@
x$f:15,c:4$
=$f:15,c:6$
u$f:15,c:8$
^$f:15,c:9$
+$f:15,c:11$
y$f:15,c:13$
}
;
<proc>
p2$f:17,c:6$
(
<real>
x$f:17,c:14$
,
<real>
&
y$f:17,c:23$
)
{
}
&&
@
x$f:20,c:3$
=$f:20,c:5$
5$f:20,c:7$
;
@
x$f:21,c:3$
=$f:21,c:5$
5.0$f:21,c:7$
;
@
5$f:22,c:3$
<$f:22,c:5$
6$f:22,c:7$
;
@
5.0$f:23,c:3$
>$f:23,c:7$
6$f:23,c:9$
;
@
5$f:24,c:3$
<=$f:24,c:5$
5.0$f:24,c:8$
;
@
5.0$f:25,c:3$
>=$f:25,c:7$
6.7$f:25,c:10$
;
@
"hola"$f:26,c:3$
<$f:26,c:10$
"adios"$f:26,c:12$
;
@
<false>$f:27,c:3$
==$f:27,c:9$
<true>$f:27,c:12$
;
@
u$f:28,c:3$
==$f:28,c:5$
<null>$f:28,c:8$
;
@
u$f:29,c:3$
!=$f:29,c:5$
v$f:29,c:8$
;
@
5$f:30,c:3$
+$f:30,c:5$
5$f:30,c:7$
;
@
5$f:31,c:3$
-$f:31,c:5$
5.0$f:31,c:7$
;
@
5.0$f:32,c:3$
*$f:32,c:7$
5$f:32,c:9$
;
@
5.0$f:33,c:3$
/$f:33,c:7$
5.0$f:33,c:9$
;
@
u$f:34,c:3$
^$f:34,c:4$
%$f:34,c:6$
2$f:34,c:8$
;
@
-$f:35,c:3$
-$f:35,c:5$
5$f:35,c:7$
;
@
-$f:36,c:3$
-$f:36,c:5$
5.0$f:36,c:7$
;
@
<not>$f:37,c:3$
(
(
(
x$f:37,c:10$
<$f:37,c:12$
5$f:37,c:14$
)
<or>$f:37,c:17$
(
u$f:37,c:21$
!=$f:37,c:23$
<null>$f:37,c:26$
)
)
<and>$f:37,c:33$
<true>$f:37,c:37$
)
;
@
r$f:38,c:3$
.
ps$f:38,c:5$
[$f:38,c:7$
a$f:38,c:8$
[$f:38,c:9$
6$f:38,c:10$
]
]
^$f:38,c:13$
+$f:38,c:15$
x$f:38,c:17$
;
<call>
p$f:39,c:6$
(
u$f:39,c:8$
^$f:39,c:9$
+$f:39,c:11$
5$f:39,c:13$
,
u$f:39,c:16$
^$f:39,c:17$
)
;
<call>
p2$f:40,c:6$
(
u$f:40,c:9$
^$f:40,c:10$
,
x$f:40,c:12$
)
;
<new>
r$f:41,c:5$
.
ps$f:41,c:7$
[$f:41,c:9$
25$f:41,c:10$
]
;
<delete>
u$f:42,c:8$
;
<read>
r$f:43,c:6$
.
ps$f:43,c:8$
[$f:43,c:10$
25$f:43,c:11$
]
^$f:43,c:14$
;
<write>
r$f:44,c:7$
.
ps$f:44,c:9$
[$f:44,c:11$
25$f:44,c:12$
]
^$f:44,c:15$
+$f:44,c:17$
50$f:44,c:19$
;
<write>
57.9$f:45,c:7$
;
<write>
"hola"$f:46,c:7$
;
<if>
x$f:47,c:4$
==$f:47,c:6$
56$f:47,c:9$
{
<if>
x$f:48,c:6$
<$f:48,c:8$
7$f:48,c:10$
{
}
<else>
{
<while>
x$f:51,c:10$
<$f:51,c:12$
7$f:51,c:14$
{
@
x$f:52,c:7$
=$f:52,c:9$
x$f:52,c:11$
-$f:52,c:13$
1$f:52,c:15$
}
}
}
;
@
x$f:57,c:3$
=$f:57,c:5$
x$f:57,c:7$
==$f:57,c:9$
5$f:57,c:12$
;
@
5$f:58,c:3$
<$f:58,c:5$
<true>$f:58,c:7$
;
@
5.0$f:59,c:3$
==$f:59,c:7$
<true>$f:59,c:10$
;
@
"hola"$f:60,c:3$
!=$f:60,c:10$
"hola"$f:60,c:13$
==$f:60,c:20$
"adios"$f:60,c:23$
;
@
u$f:61,c:3$
==$f:61,c:5$
u$f:61,c:8$
^$f:61,c:9$
;
@
5$f:62,c:3$
+$f:62,c:5$
"hola"$f:62,c:7$
;
@
u$f:63,c:3$
^$f:63,c:4$
%$f:63,c:6$
2.0$f:63,c:8$
;
@
-$f:64,c:3$
-$f:64,c:5$
"hola"$f:64,c:7$
;
@
<not>$f:65,c:3$
<null>$f:65,c:7$
;
@
r$f:66,c:3$
.
x$f:66,c:5$
;
@
r$f:67,c:3$
[$f:67,c:4$
5$f:67,c:5$
]
;
@
a$f:68,c:3$
[$f:68,c:4$
<true>$f:68,c:5$
]
;
@
a$f:69,c:3$
.
x$f:69,c:5$
;
<call>
p$f:70,c:6$
(
u$f:70,c:8$
^$f:70,c:9$
+$f:70,c:11$
5.0$f:70,c:13$
,
u$f:70,c:18$
^$f:70,c:19$
)
;
<call>
p$f:71,c:6$
(
u$f:71,c:8$
^$f:71,c:9$
+$f:71,c:11$
5$f:71,c:13$
,
x$f:71,c:16$
)
;
<call>
p2$f:72,c:6$
(
x$f:72,c:9$
,
u$f:72,c:11$
^$f:72,c:12$
)
;
<call>
p2$f:73,c:6$
(
x$f:73,c:9$
,
5.0$f:73,c:11$
)
;
@
x$f:74,c:3$
+$f:74,c:5$
p$f:74,c:7$
;
@
x$f:75,c:3$
+$f:75,c:5$
tr2$f:75,c:7$
;
@
u$f:76,c:3$
^$f:76,c:4$
=$f:76,c:6$
x$f:76,c:8$
;
<new>
r$f:77,c:5$
.
ps$f:77,c:7$
[$f:77,c:9$
25$f:77,c:10$
]
^$f:77,c:13$
;
<delete>
u$f:78,c:8$
^$f:78,c:9$
;
<read>
r$f:79,c:6$
.
ps$f:79,c:8$
[$f:79,c:10$
25$f:79,c:11$
]
^$f:79,c:14$
+$f:79,c:16$
8$f:79,c:18$
;
@
56.0$f:80,c:3$
=$f:80,c:8$
u$f:80,c:10$
^$f:80,c:11$
;
<read>
u$f:81,c:6$
;
<write>
u$f:82,c:7$
;
<if>
x$f:83,c:4$
{
<if>
u$f:84,c:6$
^$f:84,c:7$
{
}
<else>
{
<while>
x$f:87,c:10$
{
@
x$f:88,c:7$
=$f:88,c:9$
x$f:88,c:11$
-$f:88,c:13$
1$f:88,c:15$
}
}
}
}
IMPRESION VISITANTE
{
<real>
x$f:3,c:6$
;
^
<int>
u$f:4,c:6$
;
^
<bool>
v$f:5,c:7$
;
<int>
[
20
]$f:6,c:5$
a$f:6,c:9$
;
<type>
<struct>
{
^
<int>
[
30
]$f:8,c:8$
ps$f:8,c:12$
,
<int>
c$f:9,c:7$
}
tr$f:10,c:3$
;
<type>
tr$f:11,c:6$
tr2$f:11,c:9$
;
<type>
tr$f:12,c:6$
tr3$f:12,c:9$
;
tr3$f:13,c:1$
r$f:13,c:5$
;
<proc>
p$f:14,c:6$
(
<int>
x$f:14,c:12$
,
<int>
&
y$f:14,c:21$
)
{
@
x$f:15,c:4$
=$f:15,c:6$
u$f:15,c:8$
^$f:15,c:9$
+$f:15,c:11$
y$f:15,c:13$
}
;
<proc>
p2$f:17,c:6$
(
<real>
x$f:17,c:14$
,
<real>
&
y$f:17,c:23$
)
{
}
&&
@
x$f:20,c:3$
=$f:20,c:5$
5$f:20,c:7$
;
@
x$f:21,c:3$
=$f:21,c:5$
5.0$f:21,c:7$
;
@
5$f:22,c:3$
<$f:22,c:5$
6$f:22,c:7$
;
@
5.0$f:23,c:3$
>$f:23,c:7$
6$f:23,c:9$
;
@
5$f:24,c:3$
<=$f:24,c:5$
5.0$f:24,c:8$
;
@
5.0$f:25,c:3$
>=$f:25,c:7$
6.7$f:25,c:10$
;
@
"hola"$f:26,c:3$
<$f:26,c:10$
"adios"$f:26,c:12$
;
@
<false>$f:27,c:3$
==$f:27,c:9$
<true>$f:27,c:12$
;
@
u$f:28,c:3$
==$f:28,c:5$
<null>$f:28,c:8$
;
@
u$f:29,c:3$
!=$f:29,c:5$
v$f:29,c:8$
;
@
5$f:30,c:3$
+$f:30,c:5$
5$f:30,c:7$
;
@
5$f:31,c:3$
-$f:31,c:5$
5.0$f:31,c:7$
;
@
5.0$f:32,c:3$
*$f:32,c:7$
5$f:32,c:9$
;
@
5.0$f:33,c:3$
/$f:33,c:7$
5.0$f:33,c:9$
;
@
u$f:34,c:3$
^$f:34,c:4$
%$f:34,c:6$
2$f:34,c:8$
;
@
-$f:35,c:3$
-$f:35,c:5$
5$f:35,c:7$
;
@
-$f:36,c:3$
-$f:36,c:5$
5.0$f:36,c:7$
;
@
<not>$f:37,c:3$
(((x$f:37,c:10$
<$f:37,c:12$
5$f:37,c:14$
)<or>$f:37,c:17$
(u$f:37,c:21$
!=$f:37,c:23$
<null>$f:37,c:26$
))<and>$f:37,c:33$
<true>$f:37,c:37$
);
@
r$f:38,c:3$
.
ps$f:38,c:5$
[$f:38,c:7$
a$f:38,c:8$
[$f:38,c:9$
6$f:38,c:10$
]
]
^$f:38,c:13$
+$f:38,c:15$
x$f:38,c:17$
;
<call>
p$f:39,c:6$
(
u$f:39,c:8$
^$f:39,c:9$
+$f:39,c:11$
5$f:39,c:13$
,
u$f:39,c:16$
^$f:39,c:17$
)
;
<call>
p2$f:40,c:6$
(
u$f:40,c:9$
^$f:40,c:10$
,
x$f:40,c:12$
)
;
<new>
r$f:41,c:5$
.
ps$f:41,c:7$
[$f:41,c:9$
25$f:41,c:10$
]
;
<delete>
u$f:42,c:8$
;
<read>
r$f:43,c:6$
.
ps$f:43,c:8$
[$f:43,c:10$
25$f:43,c:11$
]
^$f:43,c:14$
;
<write>
r$f:44,c:7$
.
ps$f:44,c:9$
[$f:44,c:11$
25$f:44,c:12$
]
^$f:44,c:15$
+$f:44,c:17$
50$f:44,c:19$
;
<write>
57.9$f:45,c:7$
;
<write>
"hola"$f:46,c:7$
;
<if>
x$f:47,c:4$
==$f:47,c:6$
56$f:47,c:9$
{
<if>
x$f:48,c:6$
<$f:48,c:8$
7$f:48,c:10$
{
}
<else>
{
<while>
x$f:51,c:10$
<$f:51,c:12$
7$f:51,c:14$
{
@
x$f:52,c:7$
=$f:52,c:9$
x$f:52,c:11$
-$f:52,c:13$
1$f:52,c:15$
}
}
}
;
@
x$f:57,c:3$
=$f:57,c:5$
x$f:57,c:7$
==$f:57,c:9$
5$f:57,c:12$
;
@
5$f:58,c:3$
<$f:58,c:5$
<true>$f:58,c:7$
;
@
5.0$f:59,c:3$
==$f:59,c:7$
<true>$f:59,c:10$
;
@
"hola"$f:60,c:3$
!=$f:60,c:10$
"hola"$f:60,c:13$
==$f:60,c:20$
"adios"$f:60,c:23$
;
@
u$f:61,c:3$
==$f:61,c:5$
u$f:61,c:8$
^$f:61,c:9$
;
@
5$f:62,c:3$
+$f:62,c:5$
"hola"$f:62,c:7$
;
@
u$f:63,c:3$
^$f:63,c:4$
%$f:63,c:6$
2.0$f:63,c:8$
;
@
-$f:64,c:3$
-$f:64,c:5$
"hola"$f:64,c:7$
;
@
<not>$f:65,c:3$
<null>$f:65,c:7$
;
@
r$f:66,c:3$
.
x$f:66,c:5$
;
@
r$f:67,c:3$
[$f:67,c:4$
5$f:67,c:5$
]
;
@
a$f:68,c:3$
[$f:68,c:4$
<true>$f:68,c:5$
]
;
@
a$f:69,c:3$
.
x$f:69,c:5$
;
<call>
p$f:70,c:6$
(
u$f:70,c:8$
^$f:70,c:9$
+$f:70,c:11$
5.0$f:70,c:13$
,
u$f:70,c:18$
^$f:70,c:19$
)
;
<call>
p$f:71,c:6$
(
u$f:71,c:8$
^$f:71,c:9$
+$f:71,c:11$
5$f:71,c:13$
,
x$f:71,c:16$
)
;
<call>
p2$f:72,c:6$
(
x$f:72,c:9$
,
u$f:72,c:11$
^$f:72,c:12$
)
;
<call>
p2$f:73,c:6$
(
x$f:73,c:9$
,
5.0$f:73,c:11$
)
;
@
x$f:74,c:3$
+$f:74,c:5$
p$f:74,c:7$
;
@
x$f:75,c:3$
+$f:75,c:5$
tr2$f:75,c:7$
;
@
u$f:76,c:3$
^$f:76,c:4$
=$f:76,c:6$
x$f:76,c:8$
;
<new>
r$f:77,c:5$
.
ps$f:77,c:7$
[$f:77,c:9$
25$f:77,c:10$
]
^$f:77,c:13$
;
<delete>
u$f:78,c:8$
^$f:78,c:9$
;
<read>
r$f:79,c:6$
.
ps$f:79,c:8$
[$f:79,c:10$
25$f:79,c:11$
]
^$f:79,c:14$
+$f:79,c:16$
8$f:79,c:18$
;
@
56.0$f:80,c:3$
=$f:80,c:8$
u$f:80,c:10$
^$f:80,c:11$
;
<read>
u$f:81,c:6$
;
<write>
u$f:82,c:7$
;
<if>
x$f:83,c:4$
{
<if>
u$f:84,c:6$
^$f:84,c:7$
{
}
<else>
{
<while>
x$f:87,c:10$
{
@
x$f:88,c:7$
=$f:88,c:9$
x$f:88,c:11$
-$f:88,c:13$
1$f:88,c:15$
}
}
}
}



i_new(index(acceso(iden(r[41,5]),ps[41,7]),lit_ent(25[41,10])))
i_new(indireccion(index(acceso(iden(r[77,5]),ps[77,7]),lit_ent(25[77,10]))))